{"/home/lprikul/backend-project-46/index.js": {"path":"/home/lprikul/backend-project-46/index.js","all":false,"statementMap":{"0":{"start":{"line":1,"column":0},"end":{"line":1,"column":42}},"1":{"start":{"line":2,"column":0},"end":{"line":2,"column":35}},"2":{"start":{"line":3,"column":0},"end":{"line":3,"column":0}},"3":{"start":{"line":4,"column":0},"end":{"line":4,"column":85}}},"s":{"0":1,"1":1,"2":1,"3":1},"branchMap":{"0":{"type":"branch","line":4,"loc":{"start":{"line":4,"column":15},"end":{"line":4,"column":84}},"locations":[{"start":{"line":4,"column":15},"end":{"line":4,"column":84}}]}},"b":{"0":[1]},"fnMap":{"0":{"name":"default","decl":{"start":{"line":4,"column":15},"end":{"line":4,"column":84}},"loc":{"start":{"line":4,"column":15},"end":{"line":4,"column":84}},"line":4}},"f":{"0":1}}
,"/home/lprikul/backend-project-46/src/fileUtilits.js": {"path":"/home/lprikul/backend-project-46/src/fileUtilits.js","all":false,"statementMap":{"0":{"start":{"line":1,"column":0},"end":{"line":1,"column":20}},"1":{"start":{"line":2,"column":0},"end":{"line":2,"column":24}},"2":{"start":{"line":3,"column":0},"end":{"line":3,"column":36}},"3":{"start":{"line":4,"column":0},"end":{"line":4,"column":0}},"4":{"start":{"line":5,"column":0},"end":{"line":5,"column":50}},"5":{"start":{"line":6,"column":0},"end":{"line":6,"column":43}},"6":{"start":{"line":7,"column":0},"end":{"line":7,"column":90}},"7":{"start":{"line":8,"column":0},"end":{"line":8,"column":89}},"8":{"start":{"line":9,"column":0},"end":{"line":9,"column":69}}},"s":{"0":1,"1":1,"2":1,"3":1,"4":1,"5":1,"6":1,"7":1,"8":1},"branchMap":{"0":{"type":"branch","line":7,"loc":{"start":{"line":7,"column":24},"end":{"line":7,"column":89}},"locations":[{"start":{"line":7,"column":24},"end":{"line":7,"column":89}}]},"1":{"type":"branch","line":8,"loc":{"start":{"line":8,"column":25},"end":{"line":8,"column":88}},"locations":[{"start":{"line":8,"column":25},"end":{"line":8,"column":88}}]},"2":{"type":"branch","line":9,"loc":{"start":{"line":9,"column":33},"end":{"line":9,"column":68}},"locations":[{"start":{"line":9,"column":33},"end":{"line":9,"column":68}}]}},"b":{"0":[3],"1":[3],"2":[4]},"fnMap":{"0":{"name":"getFixturePath","decl":{"start":{"line":7,"column":24},"end":{"line":7,"column":89}},"loc":{"start":{"line":7,"column":24},"end":{"line":7,"column":89}},"line":7},"1":{"name":"readFile","decl":{"start":{"line":8,"column":25},"end":{"line":8,"column":88}},"loc":{"start":{"line":8,"column":25},"end":{"line":8,"column":88}},"line":8},"2":{"name":"getFileExtension","decl":{"start":{"line":9,"column":33},"end":{"line":9,"column":68}},"loc":{"start":{"line":9,"column":33},"end":{"line":9,"column":68}},"line":9}},"f":{"0":3,"1":3,"2":4}}
,"/home/lprikul/backend-project-46/src/formatfile.js": {"path":"/home/lprikul/backend-project-46/src/formatfile.js","all":false,"statementMap":{"0":{"start":{"line":1,"column":0},"end":{"line":1,"column":23}},"1":{"start":{"line":2,"column":0},"end":{"line":2,"column":0}},"2":{"start":{"line":3,"column":0},"end":{"line":3,"column":44}},"3":{"start":{"line":4,"column":0},"end":{"line":4,"column":74}},"4":{"start":{"line":5,"column":0},"end":{"line":5,"column":19}},"5":{"start":{"line":6,"column":0},"end":{"line":6,"column":36}},"6":{"start":{"line":7,"column":0},"end":{"line":7,"column":36}},"7":{"start":{"line":8,"column":0},"end":{"line":8,"column":33}},"8":{"start":{"line":9,"column":0},"end":{"line":9,"column":36}},"9":{"start":{"line":10,"column":0},"end":{"line":10,"column":38}},"10":{"start":{"line":11,"column":0},"end":{"line":11,"column":25}},"11":{"start":{"line":12,"column":0},"end":{"line":12,"column":0}},"12":{"start":{"line":13,"column":0},"end":{"line":13,"column":36}},"13":{"start":{"line":14,"column":0},"end":{"line":14,"column":47}},"14":{"start":{"line":15,"column":0},"end":{"line":15,"column":7}},"15":{"start":{"line":16,"column":0},"end":{"line":16,"column":0}},"16":{"start":{"line":17,"column":0},"end":{"line":17,"column":36}},"17":{"start":{"line":18,"column":0},"end":{"line":18,"column":44}},"18":{"start":{"line":19,"column":0},"end":{"line":19,"column":7}},"19":{"start":{"line":20,"column":0},"end":{"line":20,"column":0}},"20":{"start":{"line":21,"column":0},"end":{"line":21,"column":84}},"21":{"start":{"line":22,"column":0},"end":{"line":22,"column":49}},"22":{"start":{"line":23,"column":0},"end":{"line":23,"column":47}},"23":{"start":{"line":24,"column":0},"end":{"line":24,"column":7}},"24":{"start":{"line":25,"column":0},"end":{"line":25,"column":0}},"25":{"start":{"line":26,"column":0},"end":{"line":26,"column":28}},"26":{"start":{"line":27,"column":0},"end":{"line":27,"column":49}},"27":{"start":{"line":28,"column":0},"end":{"line":28,"column":7}},"28":{"start":{"line":29,"column":0},"end":{"line":29,"column":0}},"29":{"start":{"line":30,"column":0},"end":{"line":30,"column":31}},"30":{"start":{"line":31,"column":0},"end":{"line":31,"column":7}},"31":{"start":{"line":32,"column":0},"end":{"line":32,"column":0}},"32":{"start":{"line":33,"column":0},"end":{"line":33,"column":38}},"33":{"start":{"line":34,"column":0},"end":{"line":34,"column":2}}},"s":{"0":1,"1":1,"2":1,"3":1,"4":1,"5":5,"6":5,"7":5,"8":5,"9":5,"10":5,"11":5,"12":5,"13":2,"14":2,"15":5,"16":5,"17":1,"18":1,"19":5,"20":5,"21":1,"22":1,"23":1,"24":5,"25":5,"26":1,"27":1,"28":5,"29":5,"30":1,"31":1,"32":1,"33":1},"branchMap":{"0":{"type":"branch","line":3,"loc":{"start":{"line":3,"column":15},"end":{"line":34,"column":2}},"locations":[{"start":{"line":3,"column":15},"end":{"line":34,"column":2}}]},"1":{"type":"branch","line":5,"loc":{"start":{"line":5,"column":10},"end":{"line":31,"column":5}},"locations":[{"start":{"line":5,"column":10},"end":{"line":31,"column":5}}]},"2":{"type":"branch","line":13,"loc":{"start":{"line":13,"column":35},"end":{"line":15,"column":7}},"locations":[{"start":{"line":13,"column":35},"end":{"line":15,"column":7}}]},"3":{"type":"branch","line":17,"loc":{"start":{"line":17,"column":35},"end":{"line":19,"column":7}},"locations":[{"start":{"line":17,"column":35},"end":{"line":19,"column":7}}]},"4":{"type":"branch","line":21,"loc":{"start":{"line":21,"column":25},"end":{"line":21,"column":53}},"locations":[{"start":{"line":21,"column":25},"end":{"line":21,"column":53}}]},"5":{"type":"branch","line":21,"loc":{"start":{"line":21,"column":53},"end":{"line":21,"column":81}},"locations":[{"start":{"line":21,"column":53},"end":{"line":21,"column":81}}]},"6":{"type":"branch","line":21,"loc":{"start":{"line":21,"column":83},"end":{"line":24,"column":7}},"locations":[{"start":{"line":21,"column":83},"end":{"line":24,"column":7}}]},"7":{"type":"branch","line":26,"loc":{"start":{"line":26,"column":27},"end":{"line":28,"column":7}},"locations":[{"start":{"line":26,"column":27},"end":{"line":28,"column":7}}]}},"b":{"0":[1],"1":[5],"2":[2],"3":[1],"4":[4],"5":[2],"6":[1],"7":[1]},"fnMap":{"0":{"name":"default","decl":{"start":{"line":3,"column":15},"end":{"line":34,"column":2}},"loc":{"start":{"line":3,"column":15},"end":{"line":34,"column":2}},"line":3}},"f":{"0":1}}
,"/home/lprikul/backend-project-46/src/parse.js": {"path":"/home/lprikul/backend-project-46/src/parse.js","all":false,"statementMap":{"0":{"start":{"line":1,"column":0},"end":{"line":1,"column":62}},"1":{"start":{"line":2,"column":0},"end":{"line":2,"column":0}},"2":{"start":{"line":3,"column":0},"end":{"line":3,"column":30}},"3":{"start":{"line":4,"column":0},"end":{"line":4,"column":39}},"4":{"start":{"line":5,"column":0},"end":{"line":5,"column":16}},"5":{"start":{"line":6,"column":0},"end":{"line":6,"column":44}},"6":{"start":{"line":7,"column":0},"end":{"line":7,"column":12}},"7":{"start":{"line":8,"column":0},"end":{"line":8,"column":47}},"8":{"start":{"line":9,"column":0},"end":{"line":9,"column":4}},"9":{"start":{"line":10,"column":0},"end":{"line":10,"column":2}}},"s":{"0":1,"1":1,"2":1,"3":3,"4":3,"5":2,"6":3,"7":1,"8":3,"9":3},"branchMap":{"0":{"type":"branch","line":3,"loc":{"start":{"line":3,"column":16},"end":{"line":10,"column":2}},"locations":[{"start":{"line":3,"column":16},"end":{"line":10,"column":2}}]},"1":{"type":"branch","line":5,"loc":{"start":{"line":5,"column":4},"end":{"line":6,"column":44}},"locations":[{"start":{"line":5,"column":4},"end":{"line":6,"column":44}}]},"2":{"type":"branch","line":7,"loc":{"start":{"line":7,"column":4},"end":{"line":8,"column":47}},"locations":[{"start":{"line":7,"column":4},"end":{"line":8,"column":47}}]}},"b":{"0":[3],"1":[2],"2":[1]},"fnMap":{"0":{"name":"default","decl":{"start":{"line":3,"column":16},"end":{"line":10,"column":2}},"loc":{"start":{"line":3,"column":16},"end":{"line":10,"column":2}},"line":3}},"f":{"0":3}}
}
