TN:
SF:index.js
FN:4,default
FNF:1
FNH:1
FNDA:1,default
DA:1,1
DA:2,1
DA:3,1
DA:4,1
LF:4
LH:4
BRDA:4,0,0,1
BRF:1
BRH:1
end_of_record
TN:
SF:src/fileUtilits.js
FN:7,getFixturePath
FN:8,readFile
FN:9,getFileExtension
FNF:3
FNH:3
FNDA:3,getFixturePath
FNDA:3,readFile
FNDA:3,getFileExtension
DA:1,1
DA:2,1
DA:3,1
DA:4,1
DA:5,1
DA:6,1
DA:7,1
DA:8,1
DA:9,1
LF:9
LH:9
BRDA:7,0,0,3
BRDA:8,1,0,3
BRDA:9,2,0,3
BRF:3
BRH:3
end_of_record
TN:
SF:src/formatfile.js
FN:3,default
FNF:1
FNH:1
FNDA:1,default
DA:1,1
DA:2,1
DA:3,1
DA:4,1
DA:5,1
DA:6,5
DA:7,5
DA:8,5
DA:9,5
DA:10,5
DA:11,5
DA:12,5
DA:13,5
DA:14,2
DA:15,2
DA:16,5
DA:17,5
DA:18,1
DA:19,1
DA:20,5
DA:21,5
DA:22,1
DA:23,1
DA:24,1
DA:25,5
DA:26,5
DA:27,1
DA:28,1
DA:29,5
DA:30,5
DA:31,1
DA:32,1
DA:33,1
DA:34,1
LF:34
LH:34
BRDA:3,0,0,1
BRDA:5,1,0,5
BRDA:13,2,0,2
BRDA:17,3,0,1
BRDA:21,4,0,4
BRDA:21,5,0,2
BRDA:21,6,0,1
BRDA:26,7,0,1
BRF:8
BRH:8
end_of_record
TN:
SF:src/parse.js
FN:3,default
FNF:1
FNH:1
FNDA:2,default
DA:1,1
DA:2,1
DA:3,1
DA:4,2
DA:5,2
DA:6,2
DA:7,2
DA:8,0
DA:9,2
DA:10,2
LF:10
LH:9
BRDA:3,0,0,2
BRDA:7,1,0,0
BRF:2
BRH:1
end_of_record
